<?xml version="1.0" encoding="UTF-8"?>
<beans:beans xmlns="http://www.springframework.org/schema/mvc"
	xmlns:xsi="http://www.w3.org/2001/XMLSchema-instance"
	xmlns:beans="http://www.springframework.org/schema/beans"
	xmlns:p="http://www.springframework.org/schema/p"
	xmlns:s="http://www.springframework.org/schema/security"
	xmlns:context="http://www.springframework.org/schema/context"
	xsi:schemaLocation="http://www.springframework.org/schema/mvc http://www.springframework.org/schema/mvc/spring-mvc.xsd
		http://www.springframework.org/schema/beans http://www.springframework.org/schema/beans/spring-beans.xsd
		http://www.springframework.org/schema/context http://www.springframework.org/schema/context/spring-context.xsd
		http://www.springframework.org/schema/security http://www.springframework.org/schema/security/spring-security-3.1.xsd">

	<!-- DispatcherServlet Context: defines this servlet's request-processing infrastructure -->
	
	<!-- Enables the Spring MVC @Controller programming model -->
	<annotation-driven />

	<context:property-placeholder location="classpath:spring/setting.properties" system-properties-mode="OVERRIDE"/>

	<!-- Handles HTTP GET requests for /resources/** by efficiently serving up static resources in the ${webappRoot}/resources directory -->
	<resources mapping="/resources/**" location="/resources/" />

	<!-- Resolves views selected for rendering by @Controllers to .jsp resources in the /WEB-INF/views directory -->
	<beans:bean class="org.springframework.web.servlet.view.InternalResourceViewResolver">
		<beans:property name="prefix" value="/WEB-INF/views/" />
		<beans:property name="suffix" value=".jsp" />
	</beans:bean>
	
	<context:component-scan base-package="com.cardvalue.wechat" />
	
	<beans:bean id="dataSource" class="org.apache.tomcat.jdbc.pool.DataSource"
          p:driverClassName="com.mysql.jdbc.Driver" p:url="jdbc:mysql://localhost:3306/wechat"
          p:username="testuser" p:password="123456"/>
	
	<beans:bean id="xmlConverter" class="com.cardvalue.wechat.util.XMLConverter">
		<beans:property name="marshaller" ref="castorMarshaller" />
		<beans:property name="unmarshaller" ref="castorMarshaller" />
	</beans:bean>
	
	<beans:bean id="castorMarshaller" class="org.springframework.oxm.castor.CastorMarshaller" >
		<beans:property name="mappingLocation" value="classpath:mapping.xml" />
	</beans:bean>	
	
	<s:authentication-manager>
		<s:authentication-provider user-service-ref="authService" />
	</s:authentication-manager>
	
</beans:beans>
